# JRE version: Java(TM) SE Runtime Environment (8.0_25-b18) (build 1.8.0_25-b18)
# Java VM: Java HotSpot(TM) 64-Bit Server VM (25.25-b02 mixed mode windows-amd64 compressed oops)
Heap:
 PSYoungGen      total 276992K, used 200312K [0x0000000715900000, 0x000000072b600000, 0x00000007c0000000)
  eden space 264704K, 71% used [0x0000000715900000,0x00000007210f1068,0x0000000725b80000)
  from space 12288K, 97% used [0x000000072aa00000,0x000000072b5ad140,0x000000072b600000)
  to   space 20992K, 0% used [0x0000000728d00000,0x0000000728d00000,0x000000072a180000)
 ParOldGen       total 592384K, used 34750K [0x00000005c0a00000, 0x00000005e4c80000, 0x0000000715900000)
  object space 592384K, 5% used [0x00000005c0a00000,0x00000005c2befaa8,0x00000005e4c80000)
 Metaspace       used 74463K, capacity 77290K, committed 77568K, reserved 1118208K
  class space    used 9140K, capacity 9665K, committed 9728K, reserved 1048576K
GC Heap History (10 events):
Event: 23.296 GC heap before
{Heap before GC invocations=11 (full 3):
 PSYoungGen      total 214016K, used 191488K [0x0000000715900000, 0x0000000729480000, 0x00000007c0000000)
  eden space 191488K, 100% used [0x0000000715900000,0x0000000721400000,0x0000000721400000)
  from space 22528K, 0% used [0x0000000721400000,0x0000000721400000,0x0000000722a00000)
  to   space 21504K, 0% used [0x0000000727f80000,0x0000000727f80000,0x0000000729480000)
 ParOldGen       total 592384K, used 34702K [0x00000005c0a00000, 0x00000005e4c80000, 0x0000000715900000)
  object space 592384K, 5% used [0x00000005c0a00000,0x00000005c2be3aa8,0x00000005e4c80000)
 Metaspace       used 61961K, capacity 64148K, committed 64256K, reserved 1105920K
  class space    used 8189K, capacity 8614K, committed 8704K, reserved 1048576K
Event: 23.303 GC heap after
Heap after GC invocations=11 (full 3):
 PSYoungGen      total 297472K, used 8806K [0x0000000715900000, 0x0000000729380000, 0x00000007c0000000)
  eden space 276992K, 0% used [0x0000000715900000,0x0000000715900000,0x0000000726780000)
  from space 20480K, 42% used [0x0000000727f80000,0x0000000728819838,0x0000000729380000)
  to   space 22528K, 0% used [0x0000000726780000,0x0000000726780000,0x0000000727d80000)
 ParOldGen       total 592384K, used 34710K [0x00000005c0a00000, 0x00000005e4c80000, 0x0000000715900000)
  object space 592384K, 5% used [0x00000005c0a00000,0x00000005c2be5aa8,0x00000005e4c80000)
 Metaspace       used 61961K, capacity 64148K, committed 64256K, reserved 1105920K
  class space    used 8189K, capacity 8614K, committed 8704K, reserved 1048576K
}
Event: 126.161 GC heap before
{Heap before GC invocations=12 (full 3):
 PSYoungGen      total 297472K, used 285798K [0x0000000715900000, 0x0000000729380000, 0x00000007c0000000)
  eden space 276992K, 100% used [0x0000000715900000,0x0000000726780000,0x0000000726780000)
  from space 20480K, 42% used [0x0000000727f80000,0x0000000728819838,0x0000000729380000)
  to   space 22528K, 0% used [0x0000000726780000,0x0000000726780000,0x0000000727d80000)
 ParOldGen       total 592384K, used 34710K [0x00000005c0a00000, 0x00000005e4c80000, 0x0000000715900000)
  object space 592384K, 5% used [0x00000005c0a00000,0x00000005c2be5aa8,0x00000005e4c80000)
 Metaspace       used 69508K, capacity 72162K, committed 72448K, reserved 1112064K
  class space    used 8893K, capacity 9337K, committed 9472K, reserved 1048576K
Event: 126.170 GC heap after
Heap after GC invocations=12 (full 3):
 PSYoungGen      total 299520K, used 14035K [0x0000000715900000, 0x000000072cf00000, 0x00000007c0000000)
  eden space 276992K, 0% used [0x0000000715900000,0x0000000715900000,0x0000000726780000)
  from space 22528K, 62% used [0x0000000726780000,0x0000000727534c50,0x0000000727d80000)
  to   space 21504K, 0% used [0x000000072ba00000,0x000000072ba00000,0x000000072cf00000)
 ParOldGen       total 592384K, used 34718K [0x00000005c0a00000, 0x00000005e4c80000, 0x0000000715900000)
  object space 592384K, 5% used [0x00000005c0a00000,0x00000005c2be7aa8,0x00000005e4c80000)
 Metaspace       used 69508K, capacity 72162K, committed 72448K, reserved 1112064K
  class space    used 8893K, capacity 9337K, committed 9472K, reserved 1048576K
}
Event: 499.573 GC heap before
{Heap before GC invocations=13 (full 3):
 PSYoungGen      total 299520K, used 291027K [0x0000000715900000, 0x000000072cf00000, 0x00000007c0000000)
  eden space 276992K, 100% used [0x0000000715900000,0x0000000726780000,0x0000000726780000)
  from space 22528K, 62% used [0x0000000726780000,0x0000000727534c50,0x0000000727d80000)
  to   space 21504K, 0% used [0x000000072ba00000,0x000000072ba00000,0x000000072cf00000)
 ParOldGen       total 592384K, used 34718K [0x00000005c0a00000, 0x00000005e4c80000, 0x0000000715900000)
  object space 592384K, 5% used [0x00000005c0a00000,0x00000005c2be7aa8,0x00000005e4c80000)
 Metaspace       used 72734K, capacity 75586K, committed 75776K, reserved 1116160K
  class space    used 9127K, capacity 9659K, committed 9728K, reserved 1048576K
Event: 499.583 GC heap after
Heap after GC invocations=13 (full 3):
 PSYoungGen      total 286720K, used 13728K [0x0000000715900000, 0x000000072c780000, 0x00000007c0000000)
  eden space 272896K, 0% used [0x0000000715900000,0x0000000715900000,0x0000000726380000)
  from space 13824K, 99% used [0x000000072ba00000,0x000000072c768218,0x000000072c780000)
  to   space 20992K, 0% used [0x0000000729e80000,0x0000000729e80000,0x000000072b300000)
 ParOldGen       total 592384K, used 34734K [0x00000005c0a00000, 0x00000005e4c80000, 0x0000000715900000)
  object space 592384K, 5% used [0x00000005c0a00000,0x00000005c2bebaa8,0x00000005e4c80000)
 Metaspace       used 72734K, capacity 75586K, committed 75776K, reserved 1116160K
  class space    used 9127K, capacity 9659K, committed 9728K, reserved 1048576K
}
Event: 1075.713 GC heap before
{Heap before GC invocations=14 (full 3):
 PSYoungGen      total 286720K, used 286624K [0x0000000715900000, 0x000000072c780000, 0x00000007c0000000)
  eden space 272896K, 100% used [0x0000000715900000,0x0000000726380000,0x0000000726380000)
  from space 13824K, 99% used [0x000000072ba00000,0x000000072c768218,0x000000072c780000)
  to   space 20992K, 0% used [0x0000000729e80000,0x0000000729e80000,0x000000072b300000)
 ParOldGen       total 592384K, used 34734K [0x00000005c0a00000, 0x00000005e4c80000, 0x0000000715900000)
  object space 592384K, 5% used [0x00000005c0a00000,0x00000005c2bebaa8,0x00000005e4c80000)
 Metaspace       used 74232K, capacity 77080K, committed 77312K, reserved 1116160K
  class space    used 9136K, capacity 9662K, committed 9728K, reserved 1048576K
Event: 1075.722 GC heap after
Heap after GC invocations=14 (full 3):
 PSYoungGen      total 280576K, used 11764K [0x0000000715900000, 0x000000072ba80000, 0x00000007c0000000)
  eden space 268800K, 0% used [0x0000000715900000,0x0000000715900000,0x0000000725f80000)
  from space 11776K, 99% used [0x0000000729e80000,0x000000072a9fd360,0x000000072aa00000)
  to   space 16896K, 0% used [0x000000072aa00000,0x000000072aa00000,0x000000072ba80000)
 ParOldGen       total 592384K, used 34742K [0x00000005c0a00000, 0x00000005e4c80000, 0x0000000715900000)
  object space 592384K, 5% used [0x00000005c0a00000,0x00000005c2bedaa8,0x00000005e4c80000)
 Metaspace       used 74232K, capacity 77080K, committed 77312K, reserved 1116160K
  class space    used 9136K, capacity 9662K, committed 9728K, reserved 1048576K
}
Event: 1673.453 GC heap before
{Heap before GC invocations=15 (full 3):
 PSYoungGen      total 280576K, used 280564K [0x0000000715900000, 0x000000072ba80000, 0x00000007c0000000)
  eden space 268800K, 100% used [0x0000000715900000,0x0000000725f80000,0x0000000725f80000)
  from space 11776K, 99% used [0x0000000729e80000,0x000000072a9fd360,0x000000072aa00000)
  to   space 16896K, 0% used [0x000000072aa00000,0x000000072aa00000,0x000000072ba80000)
 ParOldGen       total 592384K, used 34742K [0x00000005c0a00000, 0x00000005e4c80000, 0x0000000715900000)
  object space 592384K, 5% used [0x00000005c0a00000,0x00000005c2bedaa8,0x00000005e4c80000)
 Metaspace       used 74391K, capacity 77284K, committed 77568K, reserved 1118208K
  class space    used 9138K, capacity 9664K, committed 9728K, reserved 1048576K
Event: 1673.462 GC heap after
Heap after GC invocations=15 (full 3):
 PSYoungGen      total 276992K, used 11956K [0x0000000715900000, 0x000000072b600000, 0x00000007c0000000)
  eden space 264704K, 0% used [0x0000000715900000,0x0000000715900000,0x0000000725b80000)
  from space 12288K, 97% used [0x000000072aa00000,0x000000072b5ad140,0x000000072b600000)
  to   space 20992K, 0% used [0x0000000728d00000,0x0000000728d00000,0x000000072a180000)
 ParOldGen       total 592384K, used 34750K [0x00000005c0a00000, 0x00000005e4c80000, 0x0000000715900000)
  object space 592384K, 5% used [0x00000005c0a00000,0x00000005c2befaa8,0x00000005e4c80000)
 Metaspace       used 74391K, capacity 77284K, committed 77568K, reserved 1118208K
  class space    used 9138K, capacity 9664K, committed 9728K, reserved 1048576K
}

