# JRE version: Java(TM) SE Runtime Environment (8.0_25-b18) (build 1.8.0_25-b18)
# Java VM: Java HotSpot(TM) 64-Bit Server VM (25.25-b02 mixed mode windows-amd64 compressed oops)
Heap:
 PSYoungGen      total 297984K, used 47884K [0x0000000715900000, 0x0000000729580000, 0x00000007c0000000)
  eden space 276480K, 14% used [0x0000000715900000,0x0000000717f06da8,0x0000000726700000)
  from space 21504K, 41% used [0x0000000727c80000,0x000000072853c2e0,0x0000000729180000)
  to   space 22016K, 0% used [0x0000000726700000,0x0000000726700000,0x0000000727c80000)
 ParOldGen       total 588288K, used 34807K [0x00000005c0a00000, 0x00000005e4880000, 0x0000000715900000)
  object space 588288K, 5% used [0x00000005c0a00000,0x00000005c2bfdf90,0x00000005e4880000)
 Metaspace       used 64393K, capacity 66820K, committed 67032K, reserved 1107968K
  class space    used 8543K, capacity 8960K, committed 8960K, reserved 1048576K
GC Heap History (10 events):
Event: 30.252 GC heap before
{Heap before GC invocations=7 (full 2):
 PSYoungGen      total 167936K, used 167720K [0x0000000715900000, 0x0000000721a00000, 0x00000007c0000000)
  eden space 153600K, 100% used [0x0000000715900000,0x000000071ef00000,0x000000071ef00000)
  from space 14336K, 98% used [0x0000000720c00000,0x00000007219ca248,0x0000000721a00000)
  to   space 21504K, 0% used [0x000000071f000000,0x000000071f000000,0x0000000720500000)
 ParOldGen       total 454656K, used 34686K [0x00000005c0a00000, 0x00000005dc600000, 0x0000000715900000)
  object space 454656K, 7% used [0x00000005c0a00000,0x00000005c2bdf9f8,0x00000005dc600000)
 Metaspace       used 49404K, capacity 50384K, committed 50560K, reserved 1093632K
  class space    used 6529K, capacity 6756K, committed 6784K, reserved 1048576K
Event: 30.260 GC heap after
Heap after GC invocations=7 (full 2):
 PSYoungGen      total 176128K, used 12442K [0x0000000715900000, 0x0000000724280000, 0x00000007c0000000)
  eden space 154624K, 0% used [0x0000000715900000,0x0000000715900000,0x000000071f000000)
  from space 21504K, 57% used [0x000000071f000000,0x000000071fc26a10,0x0000000720500000)
  to   space 22528K, 0% used [0x0000000722c80000,0x0000000722c80000,0x0000000724280000)
 ParOldGen       total 454656K, used 34694K [0x00000005c0a00000, 0x00000005dc600000, 0x0000000715900000)
  object space 454656K, 7% used [0x00000005c0a00000,0x00000005c2be19f8,0x00000005dc600000)
 Metaspace       used 49404K, capacity 50384K, committed 50560K, reserved 1093632K
  class space    used 6529K, capacity 6756K, committed 6784K, reserved 1048576K
}
Event: 30.605 GC heap before
{Heap before GC invocations=8 (full 2):
 PSYoungGen      total 176128K, used 167066K [0x0000000715900000, 0x0000000724280000, 0x00000007c0000000)
  eden space 154624K, 100% used [0x0000000715900000,0x000000071f000000,0x000000071f000000)
  from space 21504K, 57% used [0x000000071f000000,0x000000071fc26a10,0x0000000720500000)
  to   space 22528K, 0% used [0x0000000722c80000,0x0000000722c80000,0x0000000724280000)
 ParOldGen       total 454656K, used 34694K [0x00000005c0a00000, 0x00000005dc600000, 0x0000000715900000)
  object space 454656K, 7% used [0x00000005c0a00000,0x00000005c2be19f8,0x00000005dc600000)
 Metaspace       used 54183K, capacity 55300K, committed 55552K, reserved 1097728K
  class space    used 7130K, capacity 7352K, committed 7424K, reserved 1048576K
Event: 30.613 GC heap after
Heap after GC invocations=8 (full 2):
 PSYoungGen      total 217088K, used 13798K [0x0000000715900000, 0x0000000725700000, 0x00000007c0000000)
  eden space 194560K, 0% used [0x0000000715900000,0x0000000715900000,0x0000000721700000)
  from space 22528K, 61% used [0x0000000722c80000,0x00000007239f9898,0x0000000724280000)
  to   space 22016K, 0% used [0x0000000721700000,0x0000000721700000,0x0000000722c80000)
 ParOldGen       total 454656K, used 34702K [0x00000005c0a00000, 0x00000005dc600000, 0x0000000715900000)
  object space 454656K, 7% used [0x00000005c0a00000,0x00000005c2be39f8,0x00000005dc600000)
 Metaspace       used 54183K, capacity 55300K, committed 55552K, reserved 1097728K
  class space    used 7130K, capacity 7352K, committed 7424K, reserved 1048576K
}
Event: 31.274 GC heap before
{Heap before GC invocations=9 (full 2):
 PSYoungGen      total 217088K, used 140249K [0x0000000715900000, 0x0000000725700000, 0x00000007c0000000)
  eden space 194560K, 64% used [0x0000000715900000,0x000000071d47ce88,0x0000000721700000)
  from space 22528K, 61% used [0x0000000722c80000,0x00000007239f9898,0x0000000724280000)
  to   space 22016K, 0% used [0x0000000721700000,0x0000000721700000,0x0000000722c80000)
 ParOldGen       total 454656K, used 34702K [0x00000005c0a00000, 0x00000005dc600000, 0x0000000715900000)
  object space 454656K, 7% used [0x00000005c0a00000,0x00000005c2be39f8,0x00000005dc600000)
 Metaspace       used 57521K, capacity 58978K, committed 59096K, reserved 1099776K
  class space    used 7565K, capacity 7867K, committed 7936K, reserved 1048576K
Event: 31.283 GC heap after
Heap after GC invocations=9 (full 2):
 PSYoungGen      total 216576K, used 14907K [0x0000000715900000, 0x0000000729180000, 0x00000007c0000000)
  eden space 194560K, 0% used [0x0000000715900000,0x0000000715900000,0x0000000721700000)
  from space 22016K, 67% used [0x0000000721700000,0x000000072258ec58,0x0000000722c80000)
  to   space 21504K, 0% used [0x0000000727c80000,0x0000000727c80000,0x0000000729180000)
 ParOldGen       total 454656K, used 34710K [0x00000005c0a00000, 0x00000005dc600000, 0x0000000715900000)
  object space 454656K, 7% used [0x00000005c0a00000,0x00000005c2be59f8,0x00000005dc600000)
 Metaspace       used 57521K, capacity 58978K, committed 59096K, reserved 1099776K
  class space    used 7565K, capacity 7867K, committed 7936K, reserved 1048576K
}
Event: 31.283 GC heap before
{Heap before GC invocations=10 (full 3):
 PSYoungGen      total 216576K, used 14907K [0x0000000715900000, 0x0000000729180000, 0x00000007c0000000)
  eden space 194560K, 0% used [0x0000000715900000,0x0000000715900000,0x0000000721700000)
  from space 22016K, 67% used [0x0000000721700000,0x000000072258ec58,0x0000000722c80000)
  to   space 21504K, 0% used [0x0000000727c80000,0x0000000727c80000,0x0000000729180000)
 ParOldGen       total 454656K, used 34710K [0x00000005c0a00000, 0x00000005dc600000, 0x0000000715900000)
  object space 454656K, 7% used [0x00000005c0a00000,0x00000005c2be59f8,0x00000005dc600000)
 Metaspace       used 57521K, capacity 58978K, committed 59096K, reserved 1099776K
  class space    used 7565K, capacity 7867K, committed 7936K, reserved 1048576K
Event: 31.432 GC heap after
Heap after GC invocations=10 (full 3):
 PSYoungGen      total 216576K, used 0K [0x0000000715900000, 0x0000000729180000, 0x00000007c0000000)
  eden space 194560K, 0% used [0x0000000715900000,0x0000000715900000,0x0000000721700000)
  from space 22016K, 0% used [0x0000000721700000,0x0000000721700000,0x0000000722c80000)
  to   space 21504K, 0% used [0x0000000727c80000,0x0000000727c80000,0x0000000729180000)
 ParOldGen       total 588288K, used 34799K [0x00000005c0a00000, 0x00000005e4880000, 0x0000000715900000)
  object space 588288K, 5% used [0x00000005c0a00000,0x00000005c2bfbf90,0x00000005e4880000)
 Metaspace       used 57520K, capacity 58976K, committed 59096K, reserved 1099776K
  class space    used 7564K, capacity 7866K, committed 7936K, reserved 1048576K
}
Event: 32.416 GC heap before
{Heap before GC invocations=11 (full 3):
 PSYoungGen      total 216576K, used 194560K [0x0000000715900000, 0x0000000729180000, 0x00000007c0000000)
  eden space 194560K, 100% used [0x0000000715900000,0x0000000721700000,0x0000000721700000)
  from space 22016K, 0% used [0x0000000721700000,0x0000000721700000,0x0000000722c80000)
  to   space 21504K, 0% used [0x0000000727c80000,0x0000000727c80000,0x0000000729180000)
 ParOldGen       total 588288K, used 34799K [0x00000005c0a00000, 0x00000005e4880000, 0x0000000715900000)
  object space 588288K, 5% used [0x00000005c0a00000,0x00000005c2bfbf90,0x00000005e4880000)
 Metaspace       used 63233K, capacity 65500K, committed 65624K, reserved 1105920K
  class space    used 8382K, capacity 8772K, committed 8832K, reserved 1048576K
Event: 32.422 GC heap after
Heap after GC invocations=11 (full 3):
 PSYoungGen      total 297984K, used 8944K [0x0000000715900000, 0x0000000729580000, 0x00000007c0000000)
  eden space 276480K, 0% used [0x0000000715900000,0x0000000715900000,0x0000000726700000)
  from space 21504K, 41% used [0x0000000727c80000,0x000000072853c2e0,0x0000000729180000)
  to   space 22016K, 0% used [0x0000000726700000,0x0000000726700000,0x0000000727c80000)
 ParOldGen       total 588288K, used 34807K [0x00000005c0a00000, 0x00000005e4880000, 0x0000000715900000)
  object space 588288K, 5% used [0x00000005c0a00000,0x00000005c2bfdf90,0x00000005e4880000)
 Metaspace       used 63233K, capacity 65500K, committed 65624K, reserved 1105920K
  class space    used 8382K, capacity 8772K, committed 8832K, reserved 1048576K
}

