# JRE version: Java(TM) SE Runtime Environment (8.0_25-b18) (build 1.8.0_25-b18)
# Java VM: Java HotSpot(TM) 64-Bit Server VM (25.25-b02 mixed mode windows-amd64 compressed oops)
Heap:
 PSYoungGen      total 153088K, used 96105K [0x0000000715900000, 0x0000000720380000, 0x00000007c0000000)
  eden space 131584K, 73% used [0x0000000715900000,0x000000071b6da5d0,0x000000071d980000)
  from space 21504K, 0% used [0x000000071d980000,0x000000071d980000,0x000000071ee80000)
  to   space 21504K, 0% used [0x000000071ee80000,0x000000071ee80000,0x0000000720380000)
 ParOldGen       total 251392K, used 14403K [0x00000005c0a00000, 0x00000005cff80000, 0x0000000715900000)
  object space 251392K, 5% used [0x00000005c0a00000,0x00000005c1810ed8,0x00000005cff80000)
 Metaspace       used 33786K, capacity 34816K, committed 35072K, reserved 1079296K
  class space    used 4554K, capacity 4788K, committed 4864K, reserved 1048576K
GC Heap History (8 events):
Event: 1.435 GC heap before
{Heap before GC invocations=1 (full 0):
 PSYoungGen      total 153088K, used 131584K [0x0000000715900000, 0x0000000720380000, 0x00000007c0000000)
  eden space 131584K, 100% used [0x0000000715900000,0x000000071d980000,0x000000071d980000)
  from space 21504K, 0% used [0x000000071ee80000,0x000000071ee80000,0x0000000720380000)
  to   space 21504K, 0% used [0x000000071d980000,0x000000071d980000,0x000000071ee80000)
 ParOldGen       total 349696K, used 0K [0x00000005c0a00000, 0x00000005d5f80000, 0x0000000715900000)
  object space 349696K, 0% used [0x00000005c0a00000,0x00000005c0a00000,0x00000005d5f80000)
 Metaspace       used 17807K, capacity 18100K, committed 18432K, reserved 1064960K
  class space    used 2420K, capacity 2505K, committed 2560K, reserved 1048576K
Event: 1.444 GC heap after
Heap after GC invocations=1 (full 0):
 PSYoungGen      total 153088K, used 15804K [0x0000000715900000, 0x0000000720380000, 0x00000007c0000000)
  eden space 131584K, 0% used [0x0000000715900000,0x0000000715900000,0x000000071d980000)
  from space 21504K, 73% used [0x000000071d980000,0x000000071e8ef1b0,0x000000071ee80000)
  to   space 21504K, 0% used [0x000000071ee80000,0x000000071ee80000,0x0000000720380000)
 ParOldGen       total 349696K, used 0K [0x00000005c0a00000, 0x00000005d5f80000, 0x0000000715900000)
  object space 349696K, 0% used [0x00000005c0a00000,0x00000005c0a00000,0x00000005d5f80000)
 Metaspace       used 17807K, capacity 18100K, committed 18432K, reserved 1064960K
  class space    used 2420K, capacity 2505K, committed 2560K, reserved 1048576K
}
Event: 2.363 GC heap before
{Heap before GC invocations=2 (full 0):
 PSYoungGen      total 153088K, used 75327K [0x0000000715900000, 0x0000000720380000, 0x00000007c0000000)
  eden space 131584K, 45% used [0x0000000715900000,0x0000000719320b68,0x000000071d980000)
  from space 21504K, 73% used [0x000000071d980000,0x000000071e8ef1b0,0x000000071ee80000)
  to   space 21504K, 0% used [0x000000071ee80000,0x000000071ee80000,0x0000000720380000)
 ParOldGen       total 349696K, used 0K [0x00000005c0a00000, 0x00000005d5f80000, 0x0000000715900000)
  object space 349696K, 0% used [0x00000005c0a00000,0x00000005c0a00000,0x00000005d5f80000)
 Metaspace       used 20733K, capacity 21122K, committed 21504K, reserved 1067008K
  class space    used 2844K, capacity 2948K, committed 3072K, reserved 1048576K
Event: 2.367 GC heap after
Heap after GC invocations=2 (full 0):
 PSYoungGen      total 153088K, used 8218K [0x0000000715900000, 0x0000000720380000, 0x00000007c0000000)
  eden space 131584K, 0% used [0x0000000715900000,0x0000000715900000,0x000000071d980000)
  from space 21504K, 38% used [0x000000071ee80000,0x000000071f686be0,0x0000000720380000)
  to   space 21504K, 0% used [0x000000071d980000,0x000000071d980000,0x000000071ee80000)
 ParOldGen       total 349696K, used 0K [0x00000005c0a00000, 0x00000005d5f80000, 0x0000000715900000)
  object space 349696K, 0% used [0x00000005c0a00000,0x00000005c0a00000,0x00000005d5f80000)
 Metaspace       used 20733K, capacity 21122K, committed 21504K, reserved 1067008K
  class space    used 2844K, capacity 2948K, committed 3072K, reserved 1048576K
}
Event: 3.659 GC heap before
{Heap before GC invocations=3 (full 0):
 PSYoungGen      total 153088K, used 20814K [0x0000000715900000, 0x0000000720380000, 0x00000007c0000000)
  eden space 131584K, 9% used [0x0000000715900000,0x000000071654ce70,0x000000071d980000)
  from space 21504K, 38% used [0x000000071ee80000,0x000000071f686be0,0x0000000720380000)
  to   space 21504K, 0% used [0x000000071d980000,0x000000071d980000,0x000000071ee80000)
 ParOldGen       total 349696K, used 0K [0x00000005c0a00000, 0x00000005d5f80000, 0x0000000715900000)
  object space 349696K, 0% used [0x00000005c0a00000,0x00000005c0a00000,0x00000005d5f80000)
 Metaspace       used 21140K, capacity 21414K, committed 21628K, reserved 1069056K
  class space    used 2899K, capacity 2980K, committed 3072K, reserved 1048576K
Event: 3.664 GC heap after
Heap after GC invocations=3 (full 0):
 PSYoungGen      total 153088K, used 14579K [0x0000000715900000, 0x0000000720380000, 0x00000007c0000000)
  eden space 131584K, 0% used [0x0000000715900000,0x0000000715900000,0x000000071d980000)
  from space 21504K, 67% used [0x000000071d980000,0x000000071e7bcca8,0x000000071ee80000)
  to   space 21504K, 0% used [0x000000071ee80000,0x000000071ee80000,0x0000000720380000)
 ParOldGen       total 349696K, used 0K [0x00000005c0a00000, 0x00000005d5f80000, 0x0000000715900000)
  object space 349696K, 0% used [0x00000005c0a00000,0x00000005c0a00000,0x00000005d5f80000)
 Metaspace       used 21140K, capacity 21414K, committed 21628K, reserved 1069056K
  class space    used 2899K, capacity 2980K, committed 3072K, reserved 1048576K
}
Event: 3.664 GC heap before
{Heap before GC invocations=4 (full 1):
 PSYoungGen      total 153088K, used 14579K [0x0000000715900000, 0x0000000720380000, 0x00000007c0000000)
  eden space 131584K, 0% used [0x0000000715900000,0x0000000715900000,0x000000071d980000)
  from space 21504K, 67% used [0x000000071d980000,0x000000071e7bcca8,0x000000071ee80000)
  to   space 21504K, 0% used [0x000000071ee80000,0x000000071ee80000,0x0000000720380000)
 ParOldGen       total 349696K, used 0K [0x00000005c0a00000, 0x00000005d5f80000, 0x0000000715900000)
  object space 349696K, 0% used [0x00000005c0a00000,0x00000005c0a00000,0x00000005d5f80000)
 Metaspace       used 21140K, capacity 21414K, committed 21628K, reserved 1069056K
  class space    used 2899K, capacity 2980K, committed 3072K, reserved 1048576K
Event: 3.735 GC heap after
Heap after GC invocations=4 (full 1):
 PSYoungGen      total 153088K, used 0K [0x0000000715900000, 0x0000000720380000, 0x00000007c0000000)
  eden space 131584K, 0% used [0x0000000715900000,0x0000000715900000,0x000000071d980000)
  from space 21504K, 0% used [0x000000071d980000,0x000000071d980000,0x000000071ee80000)
  to   space 21504K, 0% used [0x000000071ee80000,0x000000071ee80000,0x0000000720380000)
 ParOldGen       total 251392K, used 14403K [0x00000005c0a00000, 0x00000005cff80000, 0x0000000715900000)
  object space 251392K, 5% used [0x00000005c0a00000,0x00000005c1810ed8,0x00000005cff80000)
 Metaspace       used 21139K, capacity 21412K, committed 21628K, reserved 1069056K
  class space    used 2898K, capacity 2979K, committed 3072K, reserved 1048576K
}

