# JRE version: Java(TM) SE Runtime Environment (8.0_25-b18) (build 1.8.0_25-b18)
# Java VM: Java HotSpot(TM) 64-Bit Server VM (25.25-b02 mixed mode windows-amd64 compressed oops)
Heap:
 PSYoungGen      total 212992K, used 152046K [0x0000000715900000, 0x000000072a300000, 0x00000007c0000000)
  eden space 190464K, 79% used [0x0000000715900000,0x000000071ed7bbf0,0x0000000721300000)
  from space 22528K, 0% used [0x0000000721300000,0x0000000721300000,0x0000000722900000)
  to   space 22016K, 0% used [0x0000000728d80000,0x0000000728d80000,0x000000072a300000)
 ParOldGen       total 576512K, used 33316K [0x00000005c0a00000, 0x00000005e3d00000, 0x0000000715900000)
  object space 576512K, 5% used [0x00000005c0a00000,0x00000005c2a89040,0x00000005e3d00000)
 Metaspace       used 61639K, capacity 63198K, committed 63320K, reserved 1103872K
  class space    used 8161K, capacity 8477K, committed 8576K, reserved 1048576K
GC Heap History (10 events):
Event: 15.455 GC heap before
{Heap before GC invocations=6 (full 2):
 PSYoungGen      total 153088K, used 131584K [0x0000000715900000, 0x0000000722100000, 0x00000007c0000000)
  eden space 131584K, 100% used [0x0000000715900000,0x000000071d980000,0x000000071d980000)
  from space 21504K, 0% used [0x000000071d980000,0x000000071d980000,0x000000071ee80000)
  to   space 21504K, 0% used [0x0000000720c00000,0x0000000720c00000,0x0000000722100000)
 ParOldGen       total 457216K, used 34822K [0x00000005c0a00000, 0x00000005dc880000, 0x0000000715900000)
  object space 457216K, 7% used [0x00000005c0a00000,0x00000005c2c01890,0x00000005dc880000)
 Metaspace       used 42930K, capacity 43490K, committed 43776K, reserved 1087488K
  class space    used 5691K, capacity 5835K, committed 5888K, reserved 1048576K
Event: 15.464 GC heap after
Heap after GC invocations=6 (full 2):
 PSYoungGen      total 167936K, used 13774K [0x0000000715900000, 0x0000000721980000, 0x00000007c0000000)
  eden space 154112K, 0% used [0x0000000715900000,0x0000000715900000,0x000000071ef80000)
  from space 13824K, 99% used [0x0000000720c00000,0x00000007219738c0,0x0000000721980000)
  to   space 21504K, 0% used [0x000000071ef80000,0x000000071ef80000,0x0000000720480000)
 ParOldGen       total 457216K, used 34830K [0x00000005c0a00000, 0x00000005dc880000, 0x0000000715900000)
  object space 457216K, 7% used [0x00000005c0a00000,0x00000005c2c03890,0x00000005dc880000)
 Metaspace       used 42930K, capacity 43490K, committed 43776K, reserved 1087488K
  class space    used 5691K, capacity 5835K, committed 5888K, reserved 1048576K
}
Event: 16.289 GC heap before
{Heap before GC invocations=7 (full 2):
 PSYoungGen      total 167936K, used 167886K [0x0000000715900000, 0x0000000721980000, 0x00000007c0000000)
  eden space 154112K, 100% used [0x0000000715900000,0x000000071ef80000,0x000000071ef80000)
  from space 13824K, 99% used [0x0000000720c00000,0x00000007219738c0,0x0000000721980000)
  to   space 21504K, 0% used [0x000000071ef80000,0x000000071ef80000,0x0000000720480000)
 ParOldGen       total 457216K, used 34830K [0x00000005c0a00000, 0x00000005dc880000, 0x0000000715900000)
  object space 457216K, 7% used [0x00000005c0a00000,0x00000005c2c03890,0x00000005dc880000)
 Metaspace       used 48955K, capacity 49568K, committed 49920K, reserved 1093632K
  class space    used 6429K, capacity 6574K, committed 6656K, reserved 1048576K
Event: 16.296 GC heap after
Heap after GC invocations=7 (full 2):
 PSYoungGen      total 175616K, used 11557K [0x0000000715900000, 0x0000000723f80000, 0x00000007c0000000)
  eden space 154112K, 0% used [0x0000000715900000,0x0000000715900000,0x000000071ef80000)
  from space 21504K, 53% used [0x000000071ef80000,0x000000071fac9590,0x0000000720480000)
  to   space 23040K, 0% used [0x0000000722900000,0x0000000722900000,0x0000000723f80000)
 ParOldGen       total 457216K, used 34838K [0x00000005c0a00000, 0x00000005dc880000, 0x0000000715900000)
  object space 457216K, 7% used [0x00000005c0a00000,0x00000005c2c05890,0x00000005dc880000)
 Metaspace       used 48955K, capacity 49568K, committed 49920K, reserved 1093632K
  class space    used 6429K, capacity 6574K, committed 6656K, reserved 1048576K
}
Event: 16.952 GC heap before
{Heap before GC invocations=8 (full 2):
 PSYoungGen      total 175616K, used 165669K [0x0000000715900000, 0x0000000723f80000, 0x00000007c0000000)
  eden space 154112K, 100% used [0x0000000715900000,0x000000071ef80000,0x000000071ef80000)
  from space 21504K, 53% used [0x000000071ef80000,0x000000071fac9590,0x0000000720480000)
  to   space 23040K, 0% used [0x0000000722900000,0x0000000722900000,0x0000000723f80000)
 ParOldGen       total 457216K, used 34838K [0x00000005c0a00000, 0x00000005dc880000, 0x0000000715900000)
  object space 457216K, 7% used [0x00000005c0a00000,0x00000005c2c05890,0x00000005dc880000)
 Metaspace       used 54581K, capacity 55658K, committed 55936K, reserved 1097728K
  class space    used 7198K, capacity 7429K, committed 7552K, reserved 1048576K
Event: 16.960 GC heap after
Heap after GC invocations=8 (full 2):
 PSYoungGen      total 213504K, used 14218K [0x0000000715900000, 0x0000000724a00000, 0x00000007c0000000)
  eden space 190464K, 0% used [0x0000000715900000,0x0000000715900000,0x0000000721300000)
  from space 23040K, 61% used [0x0000000722900000,0x00000007236e2938,0x0000000723f80000)
  to   space 22528K, 0% used [0x0000000721300000,0x0000000721300000,0x0000000722900000)
 ParOldGen       total 457216K, used 34910K [0x00000005c0a00000, 0x00000005dc880000, 0x0000000715900000)
  object space 457216K, 7% used [0x00000005c0a00000,0x00000005c2c178a0,0x00000005dc880000)
 Metaspace       used 54581K, capacity 55658K, committed 55936K, reserved 1097728K
  class space    used 7198K, capacity 7429K, committed 7552K, reserved 1048576K
}
Event: 17.170 GC heap before
{Heap before GC invocations=9 (full 2):
 PSYoungGen      total 213504K, used 123979K [0x0000000715900000, 0x0000000724a00000, 0x00000007c0000000)
  eden space 190464K, 57% used [0x0000000715900000,0x000000071c430318,0x0000000721300000)
  from space 23040K, 61% used [0x0000000722900000,0x00000007236e2938,0x0000000723f80000)
  to   space 22528K, 0% used [0x0000000721300000,0x0000000721300000,0x0000000722900000)
 ParOldGen       total 457216K, used 34910K [0x00000005c0a00000, 0x00000005dc880000, 0x0000000715900000)
  object space 457216K, 7% used [0x00000005c0a00000,0x00000005c2c178a0,0x00000005dc880000)
 Metaspace       used 57804K, capacity 58960K, committed 59096K, reserved 1099776K
  class space    used 7601K, capacity 7854K, committed 7936K, reserved 1048576K
Event: 17.181 GC heap after
Heap after GC invocations=9 (full 2):
 PSYoungGen      total 212992K, used 13219K [0x0000000715900000, 0x000000072a300000, 0x00000007c0000000)
  eden space 190464K, 0% used [0x0000000715900000,0x0000000715900000,0x0000000721300000)
  from space 22528K, 58% used [0x0000000721300000,0x0000000721fe8e80,0x0000000722900000)
  to   space 22016K, 0% used [0x0000000728d80000,0x0000000728d80000,0x000000072a300000)
 ParOldGen       total 457216K, used 34918K [0x00000005c0a00000, 0x00000005dc880000, 0x0000000715900000)
  object space 457216K, 7% used [0x00000005c0a00000,0x00000005c2c198a0,0x00000005dc880000)
 Metaspace       used 57804K, capacity 58960K, committed 59096K, reserved 1099776K
  class space    used 7601K, capacity 7854K, committed 7936K, reserved 1048576K
}
Event: 17.181 GC heap before
{Heap before GC invocations=10 (full 3):
 PSYoungGen      total 212992K, used 13219K [0x0000000715900000, 0x000000072a300000, 0x00000007c0000000)
  eden space 190464K, 0% used [0x0000000715900000,0x0000000715900000,0x0000000721300000)
  from space 22528K, 58% used [0x0000000721300000,0x0000000721fe8e80,0x0000000722900000)
  to   space 22016K, 0% used [0x0000000728d80000,0x0000000728d80000,0x000000072a300000)
 ParOldGen       total 457216K, used 34918K [0x00000005c0a00000, 0x00000005dc880000, 0x0000000715900000)
  object space 457216K, 7% used [0x00000005c0a00000,0x00000005c2c198a0,0x00000005dc880000)
 Metaspace       used 57804K, capacity 58960K, committed 59096K, reserved 1099776K
  class space    used 7601K, capacity 7854K, committed 7936K, reserved 1048576K
Event: 17.337 GC heap after
Heap after GC invocations=10 (full 3):
 PSYoungGen      total 212992K, used 0K [0x0000000715900000, 0x000000072a300000, 0x00000007c0000000)
  eden space 190464K, 0% used [0x0000000715900000,0x0000000715900000,0x0000000721300000)
  from space 22528K, 0% used [0x0000000721300000,0x0000000721300000,0x0000000722900000)
  to   space 22016K, 0% used [0x0000000728d80000,0x0000000728d80000,0x000000072a300000)
 ParOldGen       total 576512K, used 33316K [0x00000005c0a00000, 0x00000005e3d00000, 0x0000000715900000)
  object space 576512K, 5% used [0x00000005c0a00000,0x00000005c2a89040,0x00000005e3d00000)
 Metaspace       used 57803K, capacity 58958K, committed 59096K, reserved 1099776K
  class space    used 7601K, capacity 7853K, committed 7936K, reserved 1048576K
}

