# JRE version: Java(TM) SE Runtime Environment (8.0_25-b18) (build 1.8.0_25-b18)
# Java VM: Java HotSpot(TM) 64-Bit Server VM (25.25-b02 mixed mode windows-amd64 compressed oops)
Heap:
 PSYoungGen      total 209408K, used 134640K [0x0000000715900000, 0x0000000729800000, 0x00000007c0000000)
  eden space 187392K, 71% used [0x0000000715900000,0x000000071dc7c3f8,0x0000000721000000)
  from space 22016K, 0% used [0x0000000721000000,0x0000000721000000,0x0000000722580000)
  to   space 22016K, 0% used [0x0000000728280000,0x0000000728280000,0x0000000729800000)
 ParOldGen       total 580096K, used 32779K [0x00000005c0a00000, 0x00000005e4080000, 0x0000000715900000)
  object space 580096K, 5% used [0x00000005c0a00000,0x00000005c2a02ca0,0x00000005e4080000)
 Metaspace       used 61009K, capacity 62494K, committed 62680K, reserved 1103872K
  class space    used 8080K, capacity 8395K, committed 8448K, reserved 1048576K
GC Heap History (10 events):
Event: 15.437 GC heap before
{Heap before GC invocations=6 (full 2):
 PSYoungGen      total 153088K, used 131584K [0x0000000715900000, 0x0000000722100000, 0x00000007c0000000)
  eden space 131584K, 100% used [0x0000000715900000,0x000000071d980000,0x000000071d980000)
  from space 21504K, 0% used [0x000000071d980000,0x000000071d980000,0x000000071ee80000)
  to   space 21504K, 0% used [0x0000000720c00000,0x0000000720c00000,0x0000000722100000)
 ParOldGen       total 455680K, used 34777K [0x00000005c0a00000, 0x00000005dc700000, 0x0000000715900000)
  object space 455680K, 7% used [0x00000005c0a00000,0x00000005c2bf6628,0x00000005dc700000)
 Metaspace       used 43106K, capacity 43702K, committed 44032K, reserved 1087488K
  class space    used 5715K, capacity 5865K, committed 5888K, reserved 1048576K
Event: 15.447 GC heap after
Heap after GC invocations=6 (full 2):
 PSYoungGen      total 168448K, used 13986K [0x0000000715900000, 0x0000000721a00000, 0x00000007c0000000)
  eden space 154112K, 0% used [0x0000000715900000,0x0000000715900000,0x000000071ef80000)
  from space 14336K, 97% used [0x0000000720c00000,0x00000007219a89f8,0x0000000721a00000)
  to   space 21504K, 0% used [0x000000071f000000,0x000000071f000000,0x0000000720500000)
 ParOldGen       total 455680K, used 34785K [0x00000005c0a00000, 0x00000005dc700000, 0x0000000715900000)
  object space 455680K, 7% used [0x00000005c0a00000,0x00000005c2bf8628,0x00000005dc700000)
 Metaspace       used 43106K, capacity 43702K, committed 44032K, reserved 1087488K
  class space    used 5715K, capacity 5865K, committed 5888K, reserved 1048576K
}
Event: 16.326 GC heap before
{Heap before GC invocations=7 (full 2):
 PSYoungGen      total 168448K, used 168098K [0x0000000715900000, 0x0000000721a00000, 0x00000007c0000000)
  eden space 154112K, 100% used [0x0000000715900000,0x000000071ef80000,0x000000071ef80000)
  from space 14336K, 97% used [0x0000000720c00000,0x00000007219a89f8,0x0000000721a00000)
  to   space 21504K, 0% used [0x000000071f000000,0x000000071f000000,0x0000000720500000)
 ParOldGen       total 455680K, used 34785K [0x00000005c0a00000, 0x00000005dc700000, 0x0000000715900000)
  object space 455680K, 7% used [0x00000005c0a00000,0x00000005c2bf8628,0x00000005dc700000)
 Metaspace       used 49326K, capacity 49974K, committed 50176K, reserved 1093632K
  class space    used 6481K, capacity 6643K, committed 6656K, reserved 1048576K
Event: 16.332 GC heap after
Heap after GC invocations=7 (full 2):
 PSYoungGen      total 176128K, used 11902K [0x0000000715900000, 0x0000000723b80000, 0x00000007c0000000)
  eden space 154624K, 0% used [0x0000000715900000,0x0000000715900000,0x000000071f000000)
  from space 21504K, 55% used [0x000000071f000000,0x000000071fb9fba0,0x0000000720500000)
  to   space 22528K, 0% used [0x0000000722580000,0x0000000722580000,0x0000000723b80000)
 ParOldGen       total 455680K, used 34793K [0x00000005c0a00000, 0x00000005dc700000, 0x0000000715900000)
  object space 455680K, 7% used [0x00000005c0a00000,0x00000005c2bfa628,0x00000005dc700000)
 Metaspace       used 49326K, capacity 49974K, committed 50176K, reserved 1093632K
  class space    used 6481K, capacity 6643K, committed 6656K, reserved 1048576K
}
Event: 17.074 GC heap before
{Heap before GC invocations=8 (full 2):
 PSYoungGen      total 176128K, used 166526K [0x0000000715900000, 0x0000000723b80000, 0x00000007c0000000)
  eden space 154624K, 100% used [0x0000000715900000,0x000000071f000000,0x000000071f000000)
  from space 21504K, 55% used [0x000000071f000000,0x000000071fb9fba0,0x0000000720500000)
  to   space 22528K, 0% used [0x0000000722580000,0x0000000722580000,0x0000000723b80000)
 ParOldGen       total 455680K, used 34793K [0x00000005c0a00000, 0x00000005dc700000, 0x0000000715900000)
  object space 455680K, 7% used [0x00000005c0a00000,0x00000005c2bfa628,0x00000005dc700000)
 Metaspace       used 54939K, capacity 56018K, committed 56192K, reserved 1097728K
  class space    used 7242K, capacity 7463K, committed 7552K, reserved 1048576K
Event: 17.085 GC heap after
Heap after GC invocations=8 (full 2):
 PSYoungGen      total 209920K, used 13983K [0x0000000715900000, 0x0000000724a00000, 0x00000007c0000000)
  eden space 187392K, 0% used [0x0000000715900000,0x0000000715900000,0x0000000721000000)
  from space 22528K, 62% used [0x0000000722580000,0x0000000723327c20,0x0000000723b80000)
  to   space 22016K, 0% used [0x0000000721000000,0x0000000721000000,0x0000000722580000)
 ParOldGen       total 455680K, used 34865K [0x00000005c0a00000, 0x00000005dc700000, 0x0000000715900000)
  object space 455680K, 7% used [0x00000005c0a00000,0x00000005c2c0c638,0x00000005dc700000)
 Metaspace       used 54939K, capacity 56018K, committed 56192K, reserved 1097728K
  class space    used 7242K, capacity 7463K, committed 7552K, reserved 1048576K
}
Event: 17.290 GC heap before
{Heap before GC invocations=9 (full 2):
 PSYoungGen      total 209920K, used 105565K [0x0000000715900000, 0x0000000724a00000, 0x00000007c0000000)
  eden space 187392K, 48% used [0x0000000715900000,0x000000071b26fa38,0x0000000721000000)
  from space 22528K, 62% used [0x0000000722580000,0x0000000723327c20,0x0000000723b80000)
  to   space 22016K, 0% used [0x0000000721000000,0x0000000721000000,0x0000000722580000)
 ParOldGen       total 455680K, used 34865K [0x00000005c0a00000, 0x00000005dc700000, 0x0000000715900000)
  object space 455680K, 7% used [0x00000005c0a00000,0x00000005c2c0c638,0x00000005dc700000)
 Metaspace       used 57766K, capacity 58958K, committed 59096K, reserved 1099776K
  class space    used 7597K, capacity 7855K, committed 7936K, reserved 1048576K
Event: 17.299 GC heap after
Heap after GC invocations=9 (full 2):
 PSYoungGen      total 209408K, used 12736K [0x0000000715900000, 0x0000000729800000, 0x00000007c0000000)
  eden space 187392K, 0% used [0x0000000715900000,0x0000000715900000,0x0000000721000000)
  from space 22016K, 57% used [0x0000000721000000,0x0000000721c70110,0x0000000722580000)
  to   space 22016K, 0% used [0x0000000728280000,0x0000000728280000,0x0000000729800000)
 ParOldGen       total 455680K, used 34873K [0x00000005c0a00000, 0x00000005dc700000, 0x0000000715900000)
  object space 455680K, 7% used [0x00000005c0a00000,0x00000005c2c0e638,0x00000005dc700000)
 Metaspace       used 57766K, capacity 58958K, committed 59096K, reserved 1099776K
  class space    used 7597K, capacity 7855K, committed 7936K, reserved 1048576K
}
Event: 17.299 GC heap before
{Heap before GC invocations=10 (full 3):
 PSYoungGen      total 209408K, used 12736K [0x0000000715900000, 0x0000000729800000, 0x00000007c0000000)
  eden space 187392K, 0% used [0x0000000715900000,0x0000000715900000,0x0000000721000000)
  from space 22016K, 57% used [0x0000000721000000,0x0000000721c70110,0x0000000722580000)
  to   space 22016K, 0% used [0x0000000728280000,0x0000000728280000,0x0000000729800000)
 ParOldGen       total 455680K, used 34873K [0x00000005c0a00000, 0x00000005dc700000, 0x0000000715900000)
  object space 455680K, 7% used [0x00000005c0a00000,0x00000005c2c0e638,0x00000005dc700000)
 Metaspace       used 57766K, capacity 58958K, committed 59096K, reserved 1099776K
  class space    used 7597K, capacity 7855K, committed 7936K, reserved 1048576K
Event: 17.446 GC heap after
Heap after GC invocations=10 (full 3):
 PSYoungGen      total 209408K, used 0K [0x0000000715900000, 0x0000000729800000, 0x00000007c0000000)
  eden space 187392K, 0% used [0x0000000715900000,0x0000000715900000,0x0000000721000000)
  from space 22016K, 0% used [0x0000000721000000,0x0000000721000000,0x0000000722580000)
  to   space 22016K, 0% used [0x0000000728280000,0x0000000728280000,0x0000000729800000)
 ParOldGen       total 580096K, used 32779K [0x00000005c0a00000, 0x00000005e4080000, 0x0000000715900000)
  object space 580096K, 5% used [0x00000005c0a00000,0x00000005c2a02ca0,0x00000005e4080000)
 Metaspace       used 57765K, capacity 58956K, committed 59096K, reserved 1099776K
  class space    used 7596K, capacity 7854K, committed 7936K, reserved 1048576K
}

