# JRE version: Java(TM) SE Runtime Environment (8.0_25-b18) (build 1.8.0_25-b18)
# Java VM: Java HotSpot(TM) 64-Bit Server VM (25.25-b02 mixed mode windows-amd64 compressed oops)
Heap:
 PSYoungGen      total 308224K, used 133104K [0x0000000715900000, 0x0000000731f00000, 0x00000007c0000000)
  eden space 286208K, 41% used [0x0000000715900000,0x000000071ce137d0,0x0000000727080000)
  from space 22016K, 60% used [0x0000000727080000,0x0000000727d68a58,0x0000000728600000)
  to   space 21504K, 0% used [0x0000000730a00000,0x0000000730a00000,0x0000000731f00000)
 ParOldGen       total 498688K, used 31009K [0x00000005c0a00000, 0x00000005df100000, 0x0000000715900000)
  object space 498688K, 6% used [0x00000005c0a00000,0x00000005c28484a0,0x00000005df100000)
 Metaspace       used 69621K, capacity 72238K, committed 72408K, reserved 1112064K
  class space    used 9246K, capacity 9715K, committed 9728K, reserved 1048576K
GC Heap History (10 events):
Event: 16.990 GC heap before
{Heap before GC invocations=8 (full 2):
 PSYoungGen      total 176128K, used 166690K [0x0000000715900000, 0x0000000723d00000, 0x00000007c0000000)
  eden space 154624K, 100% used [0x0000000715900000,0x000000071f000000,0x000000071f000000)
  from space 21504K, 56% used [0x000000071f000000,0x000000071fbc8958,0x0000000720500000)
  to   space 22528K, 0% used [0x0000000722700000,0x0000000722700000,0x0000000723d00000)
 ParOldGen       total 458752K, used 34837K [0x00000005c0a00000, 0x00000005dca00000, 0x0000000715900000)
  object space 458752K, 7% used [0x00000005c0a00000,0x00000005c2c056f8,0x00000005dca00000)
 Metaspace       used 54933K, capacity 55962K, committed 56192K, reserved 1097728K
  class space    used 7240K, capacity 7465K, committed 7552K, reserved 1048576K
Event: 16.998 GC heap after
Heap after GC invocations=8 (full 2):
 PSYoungGen      total 211456K, used 13953K [0x0000000715900000, 0x0000000724880000, 0x00000007c0000000)
  eden space 188928K, 0% used [0x0000000715900000,0x0000000715900000,0x0000000721180000)
  from space 22528K, 61% used [0x0000000722700000,0x00000007234a0748,0x0000000723d00000)
  to   space 22016K, 0% used [0x0000000721180000,0x0000000721180000,0x0000000722700000)
 ParOldGen       total 458752K, used 34909K [0x00000005c0a00000, 0x00000005dca00000, 0x0000000715900000)
  object space 458752K, 7% used [0x00000005c0a00000,0x00000005c2c17708,0x00000005dca00000)
 Metaspace       used 54933K, capacity 55962K, committed 56192K, reserved 1097728K
  class space    used 7240K, capacity 7465K, committed 7552K, reserved 1048576K
}
Event: 17.197 GC heap before
{Heap before GC invocations=9 (full 2):
 PSYoungGen      total 211456K, used 112089K [0x0000000715900000, 0x0000000724880000, 0x00000007c0000000)
  eden space 188928K, 51% used [0x0000000715900000,0x000000071b8d5f78,0x0000000721180000)
  from space 22528K, 61% used [0x0000000722700000,0x00000007234a0748,0x0000000723d00000)
  to   space 22016K, 0% used [0x0000000721180000,0x0000000721180000,0x0000000722700000)
 ParOldGen       total 458752K, used 34909K [0x00000005c0a00000, 0x00000005dca00000, 0x0000000715900000)
  object space 458752K, 7% used [0x00000005c0a00000,0x00000005c2c17708,0x00000005dca00000)
 Metaspace       used 57870K, capacity 59066K, committed 59352K, reserved 1101824K
  class space    used 7612K, capacity 7889K, committed 7936K, reserved 1048576K
Event: 17.207 GC heap after
Heap after GC invocations=9 (full 2):
 PSYoungGen      total 210944K, used 13029K [0x0000000715900000, 0x0000000729b80000, 0x00000007c0000000)
  eden space 188928K, 0% used [0x0000000715900000,0x0000000715900000,0x0000000721180000)
  from space 22016K, 59% used [0x0000000721180000,0x0000000721e39550,0x0000000722700000)
  to   space 22016K, 0% used [0x0000000728600000,0x0000000728600000,0x0000000729b80000)
 ParOldGen       total 458752K, used 34917K [0x00000005c0a00000, 0x00000005dca00000, 0x0000000715900000)
  object space 458752K, 7% used [0x00000005c0a00000,0x00000005c2c19708,0x00000005dca00000)
 Metaspace       used 57870K, capacity 59066K, committed 59352K, reserved 1101824K
  class space    used 7612K, capacity 7889K, committed 7936K, reserved 1048576K
}
Event: 17.231 GC heap before
{Heap before GC invocations=10 (full 2):
 PSYoungGen      total 210944K, used 29629K [0x0000000715900000, 0x0000000729b80000, 0x00000007c0000000)
  eden space 188928K, 8% used [0x0000000715900000,0x0000000716935ee0,0x0000000721180000)
  from space 22016K, 59% used [0x0000000721180000,0x0000000721e39550,0x0000000722700000)
  to   space 22016K, 0% used [0x0000000728600000,0x0000000728600000,0x0000000729b80000)
 ParOldGen       total 458752K, used 34917K [0x00000005c0a00000, 0x00000005dca00000, 0x0000000715900000)
  object space 458752K, 7% used [0x00000005c0a00000,0x00000005c2c19708,0x00000005dca00000)
 Metaspace       used 58234K, capacity 59360K, committed 59428K, reserved 1101824K
  class space    used 7656K, capacity 7922K, committed 7936K, reserved 1048576K
Event: 17.240 GC heap after
Heap after GC invocations=10 (full 2):
 PSYoungGen      total 308224K, used 10739K [0x0000000715900000, 0x000000072d780000, 0x00000007c0000000)
  eden space 286208K, 0% used [0x0000000715900000,0x0000000715900000,0x0000000727080000)
  from space 22016K, 48% used [0x0000000728600000,0x000000072907cd98,0x0000000729b80000)
  to   space 22016K, 0% used [0x0000000727080000,0x0000000727080000,0x0000000728600000)
 ParOldGen       total 458752K, used 34925K [0x00000005c0a00000, 0x00000005dca00000, 0x0000000715900000)
  object space 458752K, 7% used [0x00000005c0a00000,0x00000005c2c1b708,0x00000005dca00000)
 Metaspace       used 58234K, capacity 59360K, committed 59428K, reserved 1101824K
  class space    used 7656K, capacity 7922K, committed 7936K, reserved 1048576K
}
Event: 17.240 GC heap before
{Heap before GC invocations=11 (full 3):
 PSYoungGen      total 308224K, used 10739K [0x0000000715900000, 0x000000072d780000, 0x00000007c0000000)
  eden space 286208K, 0% used [0x0000000715900000,0x0000000715900000,0x0000000727080000)
  from space 22016K, 48% used [0x0000000728600000,0x000000072907cd98,0x0000000729b80000)
  to   space 22016K, 0% used [0x0000000727080000,0x0000000727080000,0x0000000728600000)
 ParOldGen       total 458752K, used 34925K [0x00000005c0a00000, 0x00000005dca00000, 0x0000000715900000)
  object space 458752K, 7% used [0x00000005c0a00000,0x00000005c2c1b708,0x00000005dca00000)
 Metaspace       used 58234K, capacity 59360K, committed 59428K, reserved 1101824K
  class space    used 7656K, capacity 7922K, committed 7936K, reserved 1048576K
Event: 17.398 GC heap after
Heap after GC invocations=11 (full 3):
 PSYoungGen      total 308224K, used 0K [0x0000000715900000, 0x000000072d780000, 0x00000007c0000000)
  eden space 286208K, 0% used [0x0000000715900000,0x0000000715900000,0x0000000727080000)
  from space 22016K, 0% used [0x0000000728600000,0x0000000728600000,0x0000000729b80000)
  to   space 22016K, 0% used [0x0000000727080000,0x0000000727080000,0x0000000728600000)
 ParOldGen       total 498688K, used 31001K [0x00000005c0a00000, 0x00000005df100000, 0x0000000715900000)
  object space 498688K, 6% used [0x00000005c0a00000,0x00000005c28464a0,0x00000005df100000)
 Metaspace       used 58233K, capacity 59358K, committed 59428K, reserved 1101824K
  class space    used 7656K, capacity 7921K, committed 7936K, reserved 1048576K
}
Event: 18.743 GC heap before
{Heap before GC invocations=12 (full 3):
 PSYoungGen      total 308224K, used 286208K [0x0000000715900000, 0x000000072d780000, 0x00000007c0000000)
  eden space 286208K, 100% used [0x0000000715900000,0x0000000727080000,0x0000000727080000)
  from space 22016K, 0% used [0x0000000728600000,0x0000000728600000,0x0000000729b80000)
  to   space 22016K, 0% used [0x0000000727080000,0x0000000727080000,0x0000000728600000)
 ParOldGen       total 498688K, used 31001K [0x00000005c0a00000, 0x00000005df100000, 0x0000000715900000)
  object space 498688K, 6% used [0x00000005c0a00000,0x00000005c28464a0,0x00000005df100000)
 Metaspace       used 66171K, capacity 68262K, committed 68312K, reserved 1107968K
  class space    used 8779K, capacity 9183K, committed 9216K, reserved 1048576K
Event: 18.752 GC heap after
Heap after GC invocations=12 (full 3):
 PSYoungGen      total 308224K, used 13218K [0x0000000715900000, 0x0000000731f00000, 0x00000007c0000000)
  eden space 286208K, 0% used [0x0000000715900000,0x0000000715900000,0x0000000727080000)
  from space 22016K, 60% used [0x0000000727080000,0x0000000727d68a58,0x0000000728600000)
  to   space 21504K, 0% used [0x0000000730a00000,0x0000000730a00000,0x0000000731f00000)
 ParOldGen       total 498688K, used 31009K [0x00000005c0a00000, 0x00000005df100000, 0x0000000715900000)
  object space 498688K, 6% used [0x00000005c0a00000,0x00000005c28484a0,0x00000005df100000)
 Metaspace       used 66171K, capacity 68262K, committed 68312K, reserved 1107968K
  class space    used 8779K, capacity 9183K, committed 9216K, reserved 1048576K
}

