# JRE version: Java(TM) SE Runtime Environment (8.0_25-b18) (build 1.8.0_25-b18)
# Java VM: Java HotSpot(TM) 64-Bit Server VM (25.25-b02 mixed mode windows-amd64 compressed oops)
Heap:
 PSYoungGen      total 321536K, used 147031K [0x0000000715900000, 0x000000072e000000, 0x00000007c0000000)
  eden space 299520K, 49% used [0x0000000715900000,0x000000071e895ea0,0x0000000727d80000)
  from space 22016K, 0% used [0x0000000729300000,0x0000000729300000,0x000000072a880000)
  to   space 22016K, 0% used [0x0000000727d80000,0x0000000727d80000,0x0000000729300000)
 ParOldGen       total 488448K, used 30471K [0x00000005c0a00000, 0x00000005de700000, 0x0000000715900000)
  object space 488448K, 6% used [0x00000005c0a00000,0x00000005c27c1e60,0x00000005de700000)
 Metaspace       used 60395K, capacity 61928K, committed 62040K, reserved 1103872K
  class space    used 7971K, capacity 8274K, committed 8320K, reserved 1048576K
GC Heap History (10 events):
Event: 16.472 GC heap before
{Heap before GC invocations=7 (full 2):
 PSYoungGen      total 168448K, used 168119K [0x0000000715900000, 0x0000000721a00000, 0x00000007c0000000)
  eden space 154112K, 100% used [0x0000000715900000,0x000000071ef80000,0x000000071ef80000)
  from space 14336K, 97% used [0x0000000720c00000,0x00000007219adfb8,0x0000000721a00000)
  to   space 21504K, 0% used [0x000000071f000000,0x000000071f000000,0x0000000720500000)
 ParOldGen       total 457728K, used 34830K [0x00000005c0a00000, 0x00000005dc900000, 0x0000000715900000)
  object space 457728K, 7% used [0x00000005c0a00000,0x00000005c2c03898,0x00000005dc900000)
 Metaspace       used 49272K, capacity 49940K, committed 50176K, reserved 1093632K
  class space    used 6476K, capacity 6636K, committed 6656K, reserved 1048576K
Event: 16.481 GC heap after
Heap after GC invocations=7 (full 2):
 PSYoungGen      total 176128K, used 11722K [0x0000000715900000, 0x0000000724000000, 0x00000007c0000000)
  eden space 154624K, 0% used [0x0000000715900000,0x0000000715900000,0x000000071f000000)
  from space 21504K, 54% used [0x000000071f000000,0x000000071fb72940,0x0000000720500000)
  to   space 23040K, 0% used [0x0000000722980000,0x0000000722980000,0x0000000724000000)
 ParOldGen       total 457728K, used 34838K [0x00000005c0a00000, 0x00000005dc900000, 0x0000000715900000)
  object space 457728K, 7% used [0x00000005c0a00000,0x00000005c2c05898,0x00000005dc900000)
 Metaspace       used 49272K, capacity 49940K, committed 50176K, reserved 1093632K
  class space    used 6476K, capacity 6636K, committed 6656K, reserved 1048576K
}
Event: 17.140 GC heap before
{Heap before GC invocations=8 (full 2):
 PSYoungGen      total 176128K, used 166346K [0x0000000715900000, 0x0000000724000000, 0x00000007c0000000)
  eden space 154624K, 100% used [0x0000000715900000,0x000000071f000000,0x000000071f000000)
  from space 21504K, 54% used [0x000000071f000000,0x000000071fb72940,0x0000000720500000)
  to   space 23040K, 0% used [0x0000000722980000,0x0000000722980000,0x0000000724000000)
 ParOldGen       total 457728K, used 34838K [0x00000005c0a00000, 0x00000005dc900000, 0x0000000715900000)
  object space 457728K, 7% used [0x00000005c0a00000,0x00000005c2c05898,0x00000005dc900000)
 Metaspace       used 54848K, capacity 55934K, committed 56192K, reserved 1097728K
  class space    used 7229K, capacity 7459K, committed 7552K, reserved 1048576K
Event: 17.150 GC heap after
Heap after GC invocations=8 (full 2):
 PSYoungGen      total 214016K, used 13787K [0x0000000715900000, 0x0000000724e00000, 0x00000007c0000000)
  eden space 190976K, 0% used [0x0000000715900000,0x0000000715900000,0x0000000721380000)
  from space 23040K, 59% used [0x0000000722980000,0x00000007236f6f88,0x0000000724000000)
  to   space 22528K, 0% used [0x0000000721380000,0x0000000721380000,0x0000000722980000)
 ParOldGen       total 457728K, used 34910K [0x00000005c0a00000, 0x00000005dc900000, 0x0000000715900000)
  object space 457728K, 7% used [0x00000005c0a00000,0x00000005c2c178a8,0x00000005dc900000)
 Metaspace       used 54848K, capacity 55934K, committed 56192K, reserved 1097728K
  class space    used 7229K, capacity 7459K, committed 7552K, reserved 1048576K
}
Event: 17.322 GC heap before
{Heap before GC invocations=9 (full 2):
 PSYoungGen      total 214016K, used 114730K [0x0000000715900000, 0x0000000724e00000, 0x00000007c0000000)
  eden space 190976K, 52% used [0x0000000715900000,0x000000071bb939b0,0x0000000721380000)
  from space 23040K, 59% used [0x0000000722980000,0x00000007236f6f88,0x0000000724000000)
  to   space 22528K, 0% used [0x0000000721380000,0x0000000721380000,0x0000000722980000)
 ParOldGen       total 457728K, used 34910K [0x00000005c0a00000, 0x00000005dc900000, 0x0000000715900000)
  object space 457728K, 7% used [0x00000005c0a00000,0x00000005c2c178a8,0x00000005dc900000)
 Metaspace       used 57899K, capacity 59098K, committed 59352K, reserved 1101824K
  class space    used 7612K, capacity 7883K, committed 7936K, reserved 1048576K
Event: 17.332 GC heap after
Heap after GC invocations=9 (full 2):
 PSYoungGen      total 213504K, used 13116K [0x0000000715900000, 0x000000072a880000, 0x00000007c0000000)
  eden space 190976K, 0% used [0x0000000715900000,0x0000000715900000,0x0000000721380000)
  from space 22528K, 58% used [0x0000000721380000,0x000000072204f0c8,0x0000000722980000)
  to   space 22016K, 0% used [0x0000000729300000,0x0000000729300000,0x000000072a880000)
 ParOldGen       total 457728K, used 34918K [0x00000005c0a00000, 0x00000005dc900000, 0x0000000715900000)
  object space 457728K, 7% used [0x00000005c0a00000,0x00000005c2c198a8,0x00000005dc900000)
 Metaspace       used 57899K, capacity 59098K, committed 59352K, reserved 1101824K
  class space    used 7612K, capacity 7883K, committed 7936K, reserved 1048576K
}
Event: 17.350 GC heap before
{Heap before GC invocations=10 (full 2):
 PSYoungGen      total 213504K, used 25673K [0x0000000715900000, 0x000000072a880000, 0x00000007c0000000)
  eden space 190976K, 6% used [0x0000000715900000,0x0000000716543670,0x0000000721380000)
  from space 22528K, 58% used [0x0000000721380000,0x000000072204f0c8,0x0000000722980000)
  to   space 22016K, 0% used [0x0000000729300000,0x0000000729300000,0x000000072a880000)
 ParOldGen       total 457728K, used 34918K [0x00000005c0a00000, 0x00000005dc900000, 0x0000000715900000)
  object space 457728K, 7% used [0x00000005c0a00000,0x00000005c2c198a8,0x00000005dc900000)
 Metaspace       used 58164K, capacity 59392K, committed 59428K, reserved 1101824K
  class space    used 7652K, capacity 7916K, committed 7936K, reserved 1048576K
Event: 17.359 GC heap after
Heap after GC invocations=10 (full 2):
 PSYoungGen      total 321536K, used 10432K [0x0000000715900000, 0x000000072e000000, 0x00000007c0000000)
  eden space 299520K, 0% used [0x0000000715900000,0x0000000715900000,0x0000000727d80000)
  from space 22016K, 47% used [0x0000000729300000,0x0000000729d30098,0x000000072a880000)
  to   space 22016K, 0% used [0x0000000727d80000,0x0000000727d80000,0x0000000729300000)
 ParOldGen       total 457728K, used 34926K [0x00000005c0a00000, 0x00000005dc900000, 0x0000000715900000)
  object space 457728K, 7% used [0x00000005c0a00000,0x00000005c2c1b8a8,0x00000005dc900000)
 Metaspace       used 58164K, capacity 59392K, committed 59428K, reserved 1101824K
  class space    used 7652K, capacity 7916K, committed 7936K, reserved 1048576K
}
Event: 17.359 GC heap before
{Heap before GC invocations=11 (full 3):
 PSYoungGen      total 321536K, used 10432K [0x0000000715900000, 0x000000072e000000, 0x00000007c0000000)
  eden space 299520K, 0% used [0x0000000715900000,0x0000000715900000,0x0000000727d80000)
  from space 22016K, 47% used [0x0000000729300000,0x0000000729d30098,0x000000072a880000)
  to   space 22016K, 0% used [0x0000000727d80000,0x0000000727d80000,0x0000000729300000)
 ParOldGen       total 457728K, used 34926K [0x00000005c0a00000, 0x00000005dc900000, 0x0000000715900000)
  object space 457728K, 7% used [0x00000005c0a00000,0x00000005c2c1b8a8,0x00000005dc900000)
 Metaspace       used 58164K, capacity 59392K, committed 59428K, reserved 1101824K
  class space    used 7652K, capacity 7916K, committed 7936K, reserved 1048576K
Event: 17.497 GC heap after
Heap after GC invocations=11 (full 3):
 PSYoungGen      total 321536K, used 0K [0x0000000715900000, 0x000000072e000000, 0x00000007c0000000)
  eden space 299520K, 0% used [0x0000000715900000,0x0000000715900000,0x0000000727d80000)
  from space 22016K, 0% used [0x0000000729300000,0x0000000729300000,0x000000072a880000)
  to   space 22016K, 0% used [0x0000000727d80000,0x0000000727d80000,0x0000000729300000)
 ParOldGen       total 488448K, used 30471K [0x00000005c0a00000, 0x00000005de700000, 0x0000000715900000)
  object space 488448K, 6% used [0x00000005c0a00000,0x00000005c27c1e60,0x00000005de700000)
 Metaspace       used 56853K, capacity 58022K, committed 59428K, reserved 1101824K
  class space    used 7456K, capacity 7715K, committed 7936K, reserved 1048576K
}

